Vivado Simulator 2018.3
Copyright 1986-1999, 2001-2018 Xilinx, Inc. All Rights Reserved.
Running: C:/Xilinx/Vivado/2018.3/bin/unwrapped/win64.o/xelab.exe -wto a2c6d47aab334207aa134a75fbc389e9 --incr --debug typical --relax --mt 2 -L xil_defaultlib -L unisims_ver -L unimacro_ver -L secureip --snapshot UART_TB_behav xil_defaultlib.UART_TB xil_defaultlib.glbl -log elaborate.log 
Using 2 slave threads.
Starting static elaboration
Completed static elaboration
Starting simulation data flow analysis
Completed simulation data flow analysis
Time Resolution for simulation is 1ps
Compiling module xil_defaultlib.UART_Transmitter_baud_gen_defaul...
Compiling module xil_defaultlib.UART_Transmitter_input_register
Compiling module xil_defaultlib.UART_Transmitter_FSM
Compiling module xil_defaultlib.UART_transmitter
Compiling module xil_defaultlib.UART_Receiver_Baud16Generator
Compiling module xil_defaultlib.UART_Receiver_MidBitGenerator
Compiling module xil_defaultlib.UART_Receiver_FSM
Compiling module xil_defaultlib.UART_Receiver_ShiftRegister
Compiling module xil_defaultlib.UART_Receiver_DataOutRegister
Compiling module xil_defaultlib.UART_Receiver
Compiling module xil_defaultlib.UART
Compiling module xil_defaultlib.UART_TB
Compiling module xil_defaultlib.glbl
Built simulation snapshot UART_TB_behav
