#-----------------------------------------------------------
# Vivado v2018.3 (64-bit)
# SW Build 2405991 on Thu Dec  6 23:38:27 MST 2018
# IP Build 2404404 on Fri Dec  7 01:43:56 MST 2018
# Start of session at: Mon Nov 22 17:25:55 2021
# Process ID: 8920
# Current directory: C:/Users/BACJA/Documents/GitHub/UART_PCP/UART_transmitter
# Command line: vivado.exe -gui_launcher_event rodinguilauncherevent16064 C:\Users\BACJA\Documents\GitHub\UART_PCP\UART_transmitter\UART_transmitter.xpr
# Log file: C:/Users/BACJA/Documents/GitHub/UART_PCP/UART_transmitter/vivado.log
# Journal file: C:/Users/BACJA/Documents/GitHub/UART_PCP/UART_transmitter\vivado.jou
#-----------------------------------------------------------
start_gui
open_project C:/Users/BACJA/Documents/GitHub/UART_PCP/UART_transmitter/UART_transmitter.xpr
Scanning sources...
Finished scanning sources
INFO: [IP_Flow 19-234] Refreshing IP repositories
INFO: [IP_Flow 19-1704] No user IP repositories specified
INFO: [IP_Flow 19-2313] Loaded Vivado IP repository 'C:/Xilinx/Vivado/2018.3/data/ip'.
exit
INFO: [Common 17-206] Exiting Vivado at Mon Nov 22 17:26:14 2021...
